"gcc -o conftest -I/home/jk/.rvm/rubies/ruby-1.9.1-p378/include/ruby-1.9.1/i686-linux -I/home/jk/.rvm/rubies/ruby-1.9.1-p378/include/ruby-1.9.1/ruby/backward -I/home/jk/.rvm/rubies/ruby-1.9.1-p378/include/ruby-1.9.1 -I.  -D_FILE_OFFSET_BITS=64   -O2 -g -Wall -Wno-parentheses  -fPIC conftest.c  -L. -L/home/jk/.rvm/rubies/ruby-1.9.1-p378/lib -Wl,-R/home/jk/.rvm/rubies/ruby-1.9.1-p378/lib -L.  -rdynamic -Wl,-export-dynamic     -Wl,-R -Wl,/home/jk/.rvm/rubies/ruby-1.9.1-p378/lib -L/home/jk/.rvm/rubies/ruby-1.9.1-p378/lib -lruby-static  -lpthread -lrt -ldl -lcrypt -lm   -lc"
checked program was:
/* begin */
1: #include "ruby.h"
2: 
3: int main() {return 0;}
/* end */

"gcc -I/home/jk/.rvm/rubies/ruby-1.9.1-p378/include/ruby-1.9.1/i686-linux -I/home/jk/.rvm/rubies/ruby-1.9.1-p378/include/ruby-1.9.1/ruby/backward -I/home/jk/.rvm/rubies/ruby-1.9.1-p378/include/ruby-1.9.1 -I.  -D_FILE_OFFSET_BITS=64   -O2 -g -Wall -Wno-parentheses  -fPIC   -c conftest.c"
checked program was:
/* begin */
1: #include "ruby.h"
2: 
3: /*top*/
4: #ifndef __GNUC__
5: # error
6: >>>>>> __GNUC__ undefined <<<<<<
7: #endif
/* end */

have_func: checking for rb_define_alloc_func() in ruby.h... -------------------- yes

"gcc -o conftest -I/home/jk/.rvm/rubies/ruby-1.9.1-p378/include/ruby-1.9.1/i686-linux -I/home/jk/.rvm/rubies/ruby-1.9.1-p378/include/ruby-1.9.1/ruby/backward -I/home/jk/.rvm/rubies/ruby-1.9.1-p378/include/ruby-1.9.1 -I. -I/home/jk/.rvm/rubies/ruby-1.9.1-p378/lib/ruby/site_ruby/1.9.1/i686-linux  -I/home/jk/.rvm/rubies/ruby-1.9.1-p378/lib/ruby/vendor_ruby/1.9.1/i686-linux   -D_FILE_OFFSET_BITS=64   -O2 -g -Wall -Wno-parentheses  -fPIC -Wall conftest.c  -L. -L/home/jk/.rvm/rubies/ruby-1.9.1-p378/lib -Wl,-R/home/jk/.rvm/rubies/ruby-1.9.1-p378/lib -L.  -rdynamic -Wl,-export-dynamic     -Wl,-R -Wl,/home/jk/.rvm/rubies/ruby-1.9.1-p378/lib -L/home/jk/.rvm/rubies/ruby-1.9.1-p378/lib -lruby-static  -lpthread -lrt -ldl -lcrypt -lm   -lc"
checked program was:
/* begin */
1: #include "ruby.h"
2: 
3: #include <ruby.h>
4: 
5: /*top*/
6: int main() {return 0;}
7: int t() { void ((*volatile p)()); p = (void ((*)()))rb_define_alloc_func; return 0; }
/* end */

--------------------

have_func: checking for rb_block_proc() in ruby.h... -------------------- yes

"gcc -o conftest -I/home/jk/.rvm/rubies/ruby-1.9.1-p378/include/ruby-1.9.1/i686-linux -I/home/jk/.rvm/rubies/ruby-1.9.1-p378/include/ruby-1.9.1/ruby/backward -I/home/jk/.rvm/rubies/ruby-1.9.1-p378/include/ruby-1.9.1 -I. -I/home/jk/.rvm/rubies/ruby-1.9.1-p378/lib/ruby/site_ruby/1.9.1/i686-linux  -I/home/jk/.rvm/rubies/ruby-1.9.1-p378/lib/ruby/vendor_ruby/1.9.1/i686-linux   -D_FILE_OFFSET_BITS=64   -O2 -g -Wall -Wno-parentheses  -fPIC -Wall conftest.c  -L. -L/home/jk/.rvm/rubies/ruby-1.9.1-p378/lib -Wl,-R/home/jk/.rvm/rubies/ruby-1.9.1-p378/lib -L.  -rdynamic -Wl,-export-dynamic     -Wl,-R -Wl,/home/jk/.rvm/rubies/ruby-1.9.1-p378/lib -L/home/jk/.rvm/rubies/ruby-1.9.1-p378/lib -lruby-static  -lpthread -lrt -ldl -lcrypt -lm   -lc"
checked program was:
/* begin */
1: #include "ruby.h"
2: 
3: #include <ruby.h>
4: 
5: /*top*/
6: int main() {return 0;}
7: int t() { void ((*volatile p)()); p = (void ((*)()))rb_block_proc; return 0; }
/* end */

--------------------

"gcc -I/home/jk/.rvm/rubies/ruby-1.9.1-p378/include/ruby-1.9.1/i686-linux -I/home/jk/.rvm/rubies/ruby-1.9.1-p378/include/ruby-1.9.1/ruby/backward -I/home/jk/.rvm/rubies/ruby-1.9.1-p378/include/ruby-1.9.1 -I. -I/home/jk/.rvm/rubies/ruby-1.9.1-p378/lib/ruby/site_ruby/1.9.1/i686-linux  -I/home/jk/.rvm/rubies/ruby-1.9.1-p378/lib/ruby/vendor_ruby/1.9.1/i686-linux   -D_FILE_OFFSET_BITS=64   -O2 -g -Wall -Wno-parentheses  -fPIC -Wall   -c conftest.c"
conftest.c:4:18: error: node.h: No such file or directory
conftest.c:5: error: ‘NODE_ATTRASGN’ undeclared here (not in a function)
checked program was:
/* begin */
1: #include "ruby.h"
2: 
3: #include "ruby.h"
4: #include "node.h"
5: int node_attrasgn = (int)NODE_ATTRASGN;
/* end */

setup_win32: checking for Win32 OS... -------------------- no

--------------------

have_package: checking for gstreamer-0.10... -------------------- yes

--------------------

have_package: checking for gstreamer-plugins-base-0.10... -------------------- yes

--------------------

have_header: checking for unistd.h... -------------------- yes

"gcc -E -I/home/jk/.rvm/rubies/ruby-1.9.1-p378/include/ruby-1.9.1/i686-linux -I/home/jk/.rvm/rubies/ruby-1.9.1-p378/include/ruby-1.9.1/ruby/backward -I/home/jk/.rvm/rubies/ruby-1.9.1-p378/include/ruby-1.9.1 -I. -I/home/jk/.rvm/rubies/ruby-1.9.1-p378/lib/ruby/site_ruby/1.9.1/i686-linux  -I/home/jk/.rvm/rubies/ruby-1.9.1-p378/lib/ruby/vendor_ruby/1.9.1/i686-linux   -D_FILE_OFFSET_BITS=64   -O2 -g -Wall -Wno-parentheses  -fPIC -Wall -I/usr/include/gstreamer-0.10 -I/usr/include/libxml2 -I/usr/include/glib-2.0 -I/usr/lib/glib-2.0/include -pthread -I/usr/include/gstreamer-0.10 -I/usr/include/libxml2 -I/usr/include/glib-2.0 -I/usr/lib/glib-2.0/include -pthread  conftest.c -o conftest.i"
checked program was:
/* begin */
1: #include "ruby.h"
2: 
3: #include <unistd.h>
/* end */

--------------------

have_header: checking for io.h... -------------------- no

"gcc -E -I/home/jk/.rvm/rubies/ruby-1.9.1-p378/include/ruby-1.9.1/i686-linux -I/home/jk/.rvm/rubies/ruby-1.9.1-p378/include/ruby-1.9.1/ruby/backward -I/home/jk/.rvm/rubies/ruby-1.9.1-p378/include/ruby-1.9.1 -I. -I/home/jk/.rvm/rubies/ruby-1.9.1-p378/lib/ruby/site_ruby/1.9.1/i686-linux  -I/home/jk/.rvm/rubies/ruby-1.9.1-p378/lib/ruby/vendor_ruby/1.9.1/i686-linux   -D_FILE_OFFSET_BITS=64   -O2 -g -Wall -Wno-parentheses  -fPIC -Wall -I/usr/include/gstreamer-0.10 -I/usr/include/libxml2 -I/usr/include/glib-2.0 -I/usr/lib/glib-2.0/include -pthread -I/usr/include/gstreamer-0.10 -I/usr/include/libxml2 -I/usr/include/glib-2.0 -I/usr/lib/glib-2.0/include -pthread  conftest.c -o conftest.i"
conftest.c:3:16: error: io.h: No such file or directory
checked program was:
/* begin */
1: #include "ruby.h"
2: 
3: #include <io.h>
/* end */

--------------------

have_library: checking for main() in -lgstinterfaces-0.10... -------------------- yes

"gcc -o conftest -I/home/jk/.rvm/rubies/ruby-1.9.1-p378/include/ruby-1.9.1/i686-linux -I/home/jk/.rvm/rubies/ruby-1.9.1-p378/include/ruby-1.9.1/ruby/backward -I/home/jk/.rvm/rubies/ruby-1.9.1-p378/include/ruby-1.9.1 -I. -I/home/jk/.rvm/rubies/ruby-1.9.1-p378/lib/ruby/site_ruby/1.9.1/i686-linux  -I/home/jk/.rvm/rubies/ruby-1.9.1-p378/lib/ruby/vendor_ruby/1.9.1/i686-linux   -D_FILE_OFFSET_BITS=64   -O2 -g -Wall -Wno-parentheses  -fPIC -Wall -I/usr/include/gstreamer-0.10 -I/usr/include/libxml2 -I/usr/include/glib-2.0 -I/usr/lib/glib-2.0/include -pthread -I/usr/include/gstreamer-0.10 -I/usr/include/libxml2 -I/usr/include/glib-2.0 -I/usr/lib/glib-2.0/include -pthread conftest.c  -L. -L/home/jk/.rvm/rubies/ruby-1.9.1-p378/lib -Wl,-R/home/jk/.rvm/rubies/ruby-1.9.1-p378/lib -L.  -rdynamic -Wl,-export-dynamic -pthread -pthread     -lgstreamer-0.10 -lxml2 -lgthread-2.0 -lrt -lglib-2.0 -lgmodule-2.0 -lgobject-2.0 -lgstreamer-0.10 -lxml2 -lgthread-2.0 -lrt -lglib-2.0 -lgmodule-2.0 -lgobject-2.0 -Wl,-R -Wl,/home/jk/.rvm/rubies/ruby-1.9.1-p378/lib -L/home/jk/.rvm/rubies/ruby-1.9.1-p378/lib -lruby-static -lgstinterfaces-0.10  -lgstreamer-0.10 -lxml2 -lgthread-2.0 -lrt -lglib-2.0 -lgmodule-2.0 -lgobject-2.0 -lgstreamer-0.10 -lxml2 -lgthread-2.0 -lrt -lglib-2.0 -lgmodule-2.0 -lgobject-2.0 -lpthread -lrt -ldl -lcrypt -lm   -lc"
checked program was:
/* begin */
1: #include "ruby.h"
2: 
3: /*top*/
4: int main() {return 0;}
5: int t() { void ((*volatile p)()); p = (void ((*)()))main; return 0; }
/* end */

--------------------

have_header: checking for gst/interfaces/xoverlay.h... -------------------- yes

"gcc -E -I/home/jk/.rvm/rubies/ruby-1.9.1-p378/include/ruby-1.9.1/i686-linux -I/home/jk/.rvm/rubies/ruby-1.9.1-p378/include/ruby-1.9.1/ruby/backward -I/home/jk/.rvm/rubies/ruby-1.9.1-p378/include/ruby-1.9.1 -I. -I/home/jk/.rvm/rubies/ruby-1.9.1-p378/lib/ruby/site_ruby/1.9.1/i686-linux  -I/home/jk/.rvm/rubies/ruby-1.9.1-p378/lib/ruby/vendor_ruby/1.9.1/i686-linux   -D_FILE_OFFSET_BITS=64   -O2 -g -Wall -Wno-parentheses  -fPIC -Wall -I/usr/include/gstreamer-0.10 -I/usr/include/libxml2 -I/usr/include/glib-2.0 -I/usr/lib/glib-2.0/include -pthread -I/usr/include/gstreamer-0.10 -I/usr/include/libxml2 -I/usr/include/glib-2.0 -I/usr/lib/glib-2.0/include -pthread  conftest.c -o conftest.i"
checked program was:
/* begin */
1: #include "ruby.h"
2: 
3: #include <gst/interfaces/xoverlay.h>
/* end */

--------------------

have_package: checking for gstreamer-pbutils-0.10... -------------------- yes

--------------------

